0 verbose cli /data/data/com.termux/files/usr/bin/node /data/data/com.termux/files/usr/bin/npm
1 info using npm@10.2.4
2 info using node@v21.6.2
3 timing npm:load:whichnode Completed in 6ms
4 timing config:load:defaults Completed in 14ms
5 timing config:load:file:/data/data/com.termux/files/usr/lib/node_modules/npm/npmrc Completed in 4ms
6 timing config:load:builtin Completed in 4ms
7 timing config:load:cli Completed in 15ms
8 timing config:load:env Completed in 3ms
9 timing config:load:file:/data/data/com.termux/files/home/tesexpress/.npmrc Completed in 1ms
10 timing config:load:project Completed in 43ms
11 timing config:load:file:/data/data/com.termux/files/home/.npmrc Completed in 27ms
12 timing config:load:user Completed in 27ms
13 timing config:load:file:/data/data/com.termux/files/usr/etc/npmrc Completed in 1ms
14 timing config:load:global Completed in 3ms
15 timing config:load:setEnvs Completed in 8ms
16 timing config:load Completed in 125ms
17 timing npm:load:configload Completed in 126ms
18 timing config:load:flatten Completed in 16ms
19 timing npm:load:mkdirpcache Completed in 2ms
20 timing npm:load:mkdirplogs Completed in 2ms
21 verbose title npm install express
22 verbose argv "install" "express"
23 timing npm:load:setTitle Completed in 3ms
24 timing npm:load:display Completed in 2ms
25 verbose logfile logs-max:10 dir:/data/data/com.termux/files/home/.npm/_logs/2024-03-14T01_42_11_053Z-
26 verbose logfile /data/data/com.termux/files/home/.npm/_logs/2024-03-14T01_42_11_053Z-debug-0.log
27 timing npm:load:logFile Completed in 60ms
28 timing npm:load:timers Completed in 0ms
29 timing npm:load:configScope Completed in 0ms
30 timing npm:load Completed in 329ms
31 timing config:load:flatten Completed in 4ms
32 timing arborist:ctor Completed in 13ms
33 silly logfile done cleaning log files
34 timing arborist:ctor Completed in 1ms
35 timing idealTree:init Completed in 109ms
36 timing idealTree:userRequests Completed in 27ms
37 silly idealTree buildDeps
38 silly fetch manifest express@*
39 http fetch GET 200 https://registry.npmjs.org/express 4752ms (cache miss)
40 silly placeDep ROOT express@4.18.3 OK for:  want: *
41 silly fetch manifest accepts@~1.3.8
42 silly fetch manifest array-flatten@1.1.1
43 silly fetch manifest body-parser@1.20.2
44 silly fetch manifest content-disposition@0.5.4
45 silly fetch manifest content-type@~1.0.4
46 silly fetch manifest cookie@0.5.0
47 silly fetch manifest cookie-signature@1.0.6
48 silly fetch manifest debug@2.6.9
49 silly fetch manifest depd@2.0.0
50 silly fetch manifest encodeurl@~1.0.2
51 silly fetch manifest escape-html@~1.0.3
52 silly fetch manifest etag@~1.8.1
53 silly fetch manifest finalhandler@1.2.0
54 silly fetch manifest fresh@0.5.2
55 silly fetch manifest http-errors@2.0.0
56 silly fetch manifest merge-descriptors@1.0.1
57 silly fetch manifest methods@~1.1.2
58 silly fetch manifest on-finished@2.4.1
59 silly fetch manifest parseurl@~1.3.3
60 silly fetch manifest path-to-regexp@0.1.7
61 silly fetch manifest proxy-addr@~2.0.7
62 silly fetch manifest qs@6.11.0
63 silly fetch manifest range-parser@~1.2.1
64 silly fetch manifest safe-buffer@5.2.1
65 silly fetch manifest send@0.18.0
66 silly fetch manifest serve-static@1.15.0
67 silly fetch manifest setprototypeof@1.2.0
68 silly fetch manifest statuses@2.0.1
69 silly fetch manifest type-is@~1.6.18
70 silly fetch manifest utils-merge@1.0.1
71 silly fetch manifest vary@~1.1.2
72 http fetch GET 200 https://registry.npmjs.org/accepts 498ms (cache miss)
73 http fetch GET 200 https://registry.npmjs.org/utils-merge 1366ms (cache miss)
74 http fetch GET 200 https://registry.npmjs.org/encodeurl 1415ms (cache miss)
75 http fetch GET 200 https://registry.npmjs.org/vary 1379ms (cache miss)
76 http fetch GET 200 https://registry.npmjs.org/escape-html 1426ms (cache miss)
77 http fetch GET 200 https://registry.npmjs.org/setprototypeof 1401ms (cache miss)
78 http fetch GET 200 https://registry.npmjs.org/array-flatten 1481ms (cache miss)
79 http fetch GET 200 https://registry.npmjs.org/content-disposition 1477ms (cache miss)
80 http fetch GET 200 https://registry.npmjs.org/etag 1453ms (cache miss)
81 http fetch GET 200 https://registry.npmjs.org/content-type 1486ms (cache miss)
82 http fetch GET 200 https://registry.npmjs.org/safe-buffer 1439ms (cache miss)
83 http fetch GET 200 https://registry.npmjs.org/cookie-signature 1493ms (cache miss)
84 http fetch GET 200 https://registry.npmjs.org/range-parser 1455ms (cache miss)
85 http fetch GET 200 https://registry.npmjs.org/type-is 1445ms (cache miss)
86 http fetch GET 200 https://registry.npmjs.org/statuses 1452ms (cache miss)
87 http fetch GET 200 https://registry.npmjs.org/methods 1480ms (cache miss)
88 http fetch GET 200 https://registry.npmjs.org/merge-descriptors 1485ms (cache miss)
89 http fetch GET 200 https://registry.npmjs.org/fresh 1491ms (cache miss)
90 http fetch GET 200 https://registry.npmjs.org/cookie 1537ms (cache miss)
91 http fetch GET 200 https://registry.npmjs.org/finalhandler 1514ms (cache miss)
92 http fetch GET 200 https://registry.npmjs.org/on-finished 1509ms (cache miss)
93 http fetch GET 200 https://registry.npmjs.org/depd 1531ms (cache miss)
94 http fetch GET 200 https://registry.npmjs.org/proxy-addr 1509ms (cache miss)
95 http fetch GET 200 https://registry.npmjs.org/parseurl 1519ms (cache miss)
96 http fetch GET 200 https://registry.npmjs.org/http-errors 1532ms (cache miss)
97 http fetch GET 200 https://registry.npmjs.org/serve-static 1519ms (cache miss)
98 http fetch GET 200 https://registry.npmjs.org/send 1530ms (cache miss)
99 http fetch GET 200 https://registry.npmjs.org/body-parser 1605ms (cache miss)
100 http fetch GET 200 https://registry.npmjs.org/path-to-regexp 1558ms (cache miss)
101 http fetch GET 200 https://registry.npmjs.org/debug 1597ms (cache miss)
102 http fetch GET 200 https://registry.npmjs.org/qs 1574ms (cache miss)
103 timing idealTree:#root Completed in 6576ms
104 silly placeDep ROOT accepts@1.3.8 OK for: express@4.18.3 want: ~1.3.8
105 silly fetch manifest mime-types@~2.1.34
106 silly fetch manifest negotiator@0.6.3
107 silly placeDep ROOT array-flatten@1.1.1 OK for: express@4.18.3 want: 1.1.1
108 silly placeDep ROOT body-parser@1.20.2 OK for: express@4.18.3 want: 1.20.2
109 silly fetch manifest bytes@3.1.2
110 silly fetch manifest content-type@~1.0.5
111 silly fetch manifest destroy@1.2.0
112 silly fetch manifest iconv-lite@0.4.24
113 silly fetch manifest raw-body@2.5.2
114 silly fetch manifest unpipe@1.0.0
115 silly placeDep ROOT content-disposition@0.5.4 OK for: express@4.18.3 want: 0.5.4
116 silly placeDep ROOT content-type@1.0.5 OK for: express@4.18.3 want: ~1.0.4
117 silly placeDep ROOT cookie@0.5.0 OK for: express@4.18.3 want: 0.5.0
118 silly placeDep ROOT cookie-signature@1.0.6 OK for: express@4.18.3 want: 1.0.6
119 silly placeDep ROOT debug@2.6.9 OK for: express@4.18.3 want: 2.6.9
120 silly fetch manifest ms@2.0.0
121 silly placeDep ROOT depd@2.0.0 OK for: express@4.18.3 want: 2.0.0
122 silly placeDep ROOT encodeurl@1.0.2 OK for: express@4.18.3 want: ~1.0.2
123 silly placeDep ROOT escape-html@1.0.3 OK for: express@4.18.3 want: ~1.0.3
124 silly placeDep ROOT etag@1.8.1 OK for: express@4.18.3 want: ~1.8.1
125 silly placeDep ROOT finalhandler@1.2.0 OK for: express@4.18.3 want: 1.2.0
126 silly fetch manifest unpipe@~1.0.0
127 silly placeDep ROOT fresh@0.5.2 OK for: express@4.18.3 want: 0.5.2
128 silly placeDep ROOT http-errors@2.0.0 OK for: express@4.18.3 want: 2.0.0
129 silly fetch manifest inherits@2.0.4
130 silly fetch manifest toidentifier@1.0.1
131 silly placeDep ROOT merge-descriptors@1.0.1 OK for: express@4.18.3 want: 1.0.1
132 silly placeDep ROOT methods@1.1.2 OK for: express@4.18.3 want: ~1.1.2
133 silly placeDep ROOT on-finished@2.4.1 OK for: express@4.18.3 want: 2.4.1
134 silly fetch manifest ee-first@1.1.1
135 silly placeDep ROOT parseurl@1.3.3 OK for: express@4.18.3 want: ~1.3.3
136 silly placeDep ROOT path-to-regexp@0.1.7 OK for: express@4.18.3 want: 0.1.7
137 silly placeDep ROOT proxy-addr@2.0.7 OK for: express@4.18.3 want: ~2.0.7
138 silly fetch manifest forwarded@0.2.0
139 silly fetch manifest ipaddr.js@1.9.1
140 silly placeDep ROOT qs@6.11.0 OK for: express@4.18.3 want: 6.11.0
141 silly fetch manifest side-channel@^1.0.4
142 silly placeDep ROOT range-parser@1.2.1 OK for: express@4.18.3 want: ~1.2.1
143 silly placeDep ROOT safe-buffer@5.2.1 OK for: express@4.18.3 want: 5.2.1
144 silly placeDep ROOT send@0.18.0 OK for: express@4.18.3 want: 0.18.0
145 silly fetch manifest mime@1.6.0
146 silly fetch manifest ms@2.1.3
147 silly placeDep ROOT serve-static@1.15.0 OK for: express@4.18.3 want: 1.15.0
148 silly placeDep ROOT setprototypeof@1.2.0 OK for: express@4.18.3 want: 1.2.0
149 silly placeDep ROOT statuses@2.0.1 OK for: express@4.18.3 want: 2.0.1
150 silly placeDep ROOT type-is@1.6.18 OK for: express@4.18.3 want: ~1.6.18
151 silly fetch manifest media-typer@0.3.0
152 silly fetch manifest mime-types@~2.1.24
153 silly placeDep ROOT utils-merge@1.0.1 OK for: express@4.18.3 want: 1.0.1
154 silly placeDep ROOT vary@1.1.2 OK for: express@4.18.3 want: ~1.1.2
155 http fetch GET 200 https://registry.npmjs.org/unpipe 578ms (cache miss)
156 http fetch GET 200 https://registry.npmjs.org/toidentifier 498ms (cache miss)
157 http fetch GET 200 https://registry.npmjs.org/unpipe 540ms (cache miss)
158 http fetch GET 200 https://registry.npmjs.org/ee-first 520ms (cache miss)
159 http fetch GET 200 https://registry.npmjs.org/inherits 540ms (cache miss)
160 http fetch GET 200 https://registry.npmjs.org/destroy 675ms (cache miss)
161 http fetch GET 200 https://registry.npmjs.org/forwarded 554ms (cache miss)
162 http fetch GET 200 https://registry.npmjs.org/bytes 687ms (cache miss)
163 http fetch GET 200 https://registry.npmjs.org/negotiator 713ms (cache miss)
164 http fetch GET 200 https://registry.npmjs.org/mime-types 726ms (cache miss)
165 http fetch GET 200 https://registry.npmjs.org/ms 664ms (cache miss)
166 http fetch GET 200 https://registry.npmjs.org/raw-body 711ms (cache miss)
167 http fetch GET 200 https://registry.npmjs.org/iconv-lite 723ms (cache miss)
168 http fetch GET 200 https://registry.npmjs.org/ms 591ms (cache miss)
169 http fetch GET 200 https://registry.npmjs.org/side-channel 616ms (cache miss)
170 http fetch GET 200 https://registry.npmjs.org/media-typer 573ms (cache miss)
171 http fetch GET 200 https://registry.npmjs.org/ipaddr.js 633ms (cache miss)
172 http fetch GET 200 https://registry.npmjs.org/mime-types 583ms (cache miss)
173 http fetch GET 200 https://registry.npmjs.org/mime 621ms (cache miss)
174 timing idealTree:node_modules/express Completed in 923ms
175 silly placeDep ROOT mime-types@2.1.35 OK for: accepts@1.3.8 want: ~2.1.34
176 silly fetch manifest mime-db@1.52.0
177 silly placeDep ROOT negotiator@0.6.3 OK for: accepts@1.3.8 want: 0.6.3
178 http fetch GET 200 https://registry.npmjs.org/mime-db 140ms (cache miss)
179 timing idealTree:node_modules/accepts Completed in 161ms
180 timing idealTree:node_modules/array-flatten Completed in 0ms
181 silly placeDep ROOT bytes@3.1.2 OK for: body-parser@1.20.2 want: 3.1.2
182 silly placeDep ROOT destroy@1.2.0 OK for: body-parser@1.20.2 want: 1.2.0
183 silly placeDep ROOT iconv-lite@0.4.24 OK for: body-parser@1.20.2 want: 0.4.24
184 silly fetch manifest safer-buffer@>= 2.1.2 < 3
185 silly placeDep ROOT raw-body@2.5.2 OK for: body-parser@1.20.2 want: 2.5.2
186 silly placeDep ROOT unpipe@1.0.0 OK for: body-parser@1.20.2 want: 1.0.0
187 http fetch GET 200 https://registry.npmjs.org/safer-buffer 77ms (cache miss)
188 timing idealTree:node_modules/body-parser Completed in 102ms
189 timing idealTree:node_modules/bytes Completed in 0ms
190 timing idealTree:node_modules/content-disposition Completed in 0ms
191 timing idealTree:node_modules/content-type Completed in 0ms
192 timing idealTree:node_modules/cookie Completed in 0ms
193 timing idealTree:node_modules/cookie-signature Completed in 0ms
194 silly placeDep ROOT ms@2.0.0 OK for: debug@2.6.9 want: 2.0.0
195 timing idealTree:node_modules/debug Completed in 11ms
196 timing idealTree:node_modules/depd Completed in 0ms
197 timing idealTree:node_modules/destroy Completed in 0ms
198 timing idealTree:node_modules/encodeurl Completed in 0ms
199 timing idealTree:node_modules/escape-html Completed in 0ms
200 timing idealTree:node_modules/etag Completed in 0ms
201 timing idealTree:node_modules/finalhandler Completed in 0ms
202 timing idealTree:node_modules/fresh Completed in 0ms
203 silly placeDep ROOT inherits@2.0.4 OK for: http-errors@2.0.0 want: 2.0.4
204 silly placeDep ROOT toidentifier@1.0.1 OK for: http-errors@2.0.0 want: 1.0.1
205 timing idealTree:node_modules/http-errors Completed in 12ms
206 silly placeDep ROOT safer-buffer@2.1.2 OK for: iconv-lite@0.4.24 want: >= 2.1.2 < 3
207 timing idealTree:node_modules/iconv-lite Completed in 7ms
208 timing idealTree:node_modules/inherits Completed in 0ms
209 timing idealTree:node_modules/merge-descriptors Completed in 0ms
210 timing idealTree:node_modules/methods Completed in 0ms
211 silly placeDep ROOT mime-db@1.52.0 OK for: mime-types@2.1.35 want: 1.52.0
212 timing idealTree:node_modules/mime-types Completed in 6ms
213 timing idealTree:node_modules/mime-db Completed in 0ms
214 timing idealTree:node_modules/ms Completed in 0ms
215 timing idealTree:node_modules/negotiator Completed in 0ms
216 silly placeDep ROOT ee-first@1.1.1 OK for: on-finished@2.4.1 want: 1.1.1
217 timing idealTree:node_modules/on-finished Completed in 5ms
218 timing idealTree:node_modules/ee-first Completed in 0ms
219 timing idealTree:node_modules/parseurl Completed in 0ms
220 timing idealTree:node_modules/path-to-regexp Completed in 0ms
221 silly placeDep ROOT forwarded@0.2.0 OK for: proxy-addr@2.0.7 want: 0.2.0
222 silly placeDep ROOT ipaddr.js@1.9.1 OK for: proxy-addr@2.0.7 want: 1.9.1
223 timing idealTree:node_modules/proxy-addr Completed in 10ms
224 timing idealTree:node_modules/forwarded Completed in 0ms
225 timing idealTree:node_modules/ipaddr.js Completed in 0ms
226 silly placeDep ROOT side-channel@1.0.6 OK for: qs@6.11.0 want: ^1.0.4
227 silly fetch manifest call-bind@^1.0.7
228 silly fetch manifest es-errors@^1.3.0
229 silly fetch manifest get-intrinsic@^1.2.4
230 silly fetch manifest object-inspect@^1.13.1
231 http fetch GET 200 https://registry.npmjs.org/call-bind 233ms (cache miss)
232 http fetch GET 200 https://registry.npmjs.org/es-errors 235ms (cache miss)
233 http fetch GET 200 https://registry.npmjs.org/get-intrinsic 238ms (cache miss)
234 http fetch GET 200 https://registry.npmjs.org/object-inspect 245ms (cache miss)
235 timing idealTree:node_modules/qs Completed in 264ms
236 timing idealTree:node_modules/range-parser Completed in 0ms
237 timing idealTree:node_modules/raw-body Completed in 1ms
238 timing idealTree:node_modules/safe-buffer Completed in 0ms
239 timing idealTree:node_modules/safer-buffer Completed in 0ms
240 silly placeDep ROOT mime@1.6.0 OK for: send@0.18.0 want: 1.6.0
241 silly placeDep node_modules/send ms@2.1.3 OK for: send@0.18.0 want: 2.1.3
242 timing idealTree:node_modules/send Completed in 20ms
243 timing idealTree:node_modules/mime Completed in 0ms
244 timing idealTree:node_modules/serve-static Completed in 0ms
245 timing idealTree:node_modules/setprototypeof Completed in 0ms
246 silly placeDep ROOT call-bind@1.0.7 OK for: side-channel@1.0.6 want: ^1.0.7
247 silly fetch manifest es-define-property@^1.0.0
248 silly fetch manifest function-bind@^1.1.2
249 silly fetch manifest set-function-length@^1.2.1
250 silly placeDep ROOT es-errors@1.3.0 OK for: side-channel@1.0.6 want: ^1.3.0
251 silly placeDep ROOT get-intrinsic@1.2.4 OK for: side-channel@1.0.6 want: ^1.2.4
252 silly fetch manifest has-proto@^1.0.1
253 silly fetch manifest has-symbols@^1.0.3
254 silly fetch manifest hasown@^2.0.0
255 silly placeDep ROOT object-inspect@1.13.1 OK for: side-channel@1.0.6 want: ^1.13.1
256 http fetch GET 200 https://registry.npmjs.org/has-proto 155ms (cache miss)
257 http fetch GET 200 https://registry.npmjs.org/function-bind 176ms (cache miss)
258 http fetch GET 200 https://registry.npmjs.org/es-define-property 181ms (cache miss)
259 http fetch GET 200 https://registry.npmjs.org/set-function-length 177ms (cache miss)
260 http fetch GET 200 https://registry.npmjs.org/hasown 163ms (cache miss)
261 http fetch GET 200 https://registry.npmjs.org/has-symbols 167ms (cache miss)
262 timing idealTree:node_modules/side-channel Completed in 205ms
263 silly placeDep ROOT es-define-property@1.0.0 OK for: call-bind@1.0.7 want: ^1.0.0
264 silly placeDep ROOT function-bind@1.1.2 OK for: call-bind@1.0.7 want: ^1.1.2
265 silly placeDep ROOT set-function-length@1.2.2 OK for: call-bind@1.0.7 want: ^1.2.1
266 silly fetch manifest define-data-property@^1.1.4
267 silly fetch manifest gopd@^1.0.1
268 silly fetch manifest has-property-descriptors@^1.0.2
269 http fetch GET 200 https://registry.npmjs.org/gopd 121ms (cache miss)
270 http fetch GET 200 https://registry.npmjs.org/has-property-descriptors 122ms (cache miss)
271 http fetch GET 200 https://registry.npmjs.org/define-data-property 127ms (cache miss)
272 timing idealTree:node_modules/call-bind Completed in 153ms
273 timing idealTree:node_modules/es-define-property Completed in 0ms
274 timing idealTree:node_modules/es-errors Completed in 0ms
275 timing idealTree:node_modules/function-bind Completed in 0ms
276 silly placeDep ROOT has-proto@1.0.3 OK for: get-intrinsic@1.2.4 want: ^1.0.1
277 silly placeDep ROOT has-symbols@1.0.3 OK for: get-intrinsic@1.2.4 want: ^1.0.3
278 silly placeDep ROOT hasown@2.0.2 OK for: get-intrinsic@1.2.4 want: ^2.0.0
279 timing idealTree:node_modules/get-intrinsic Completed in 19ms
280 timing idealTree:node_modules/has-proto Completed in 0ms
281 timing idealTree:node_modules/has-symbols Completed in 0ms
282 timing idealTree:node_modules/hasown Completed in 0ms
283 timing idealTree:node_modules/object-inspect Completed in 0ms
284 silly placeDep ROOT define-data-property@1.1.4 OK for: set-function-length@1.2.2 want: ^1.1.4
285 silly placeDep ROOT gopd@1.0.1 OK for: set-function-length@1.2.2 want: ^1.0.1
286 silly placeDep ROOT has-property-descriptors@1.0.2 OK for: set-function-length@1.2.2 want: ^1.0.2
287 timing idealTree:node_modules/set-function-length Completed in 22ms
288 timing idealTree:node_modules/define-data-property Completed in 0ms
289 timing idealTree:node_modules/gopd Completed in 0ms
290 timing idealTree:node_modules/has-property-descriptors Completed in 0ms
291 timing idealTree:node_modules/statuses Completed in 0ms
292 timing idealTree:node_modules/toidentifier Completed in 0ms
293 silly placeDep ROOT media-typer@0.3.0 OK for: type-is@1.6.18 want: 0.3.0
294 timing idealTree:node_modules/type-is Completed in 6ms
295 timing idealTree:node_modules/media-typer Completed in 1ms
296 timing idealTree:node_modules/unpipe Completed in 0ms
297 timing idealTree:node_modules/utils-merge Completed in 0ms
298 timing idealTree:node_modules/vary Completed in 0ms
299 timing idealTree:node_modules/send/node_modules/ms Completed in 0ms
300 timing idealTree:buildDeps Completed in 8529ms
301 timing idealTree:fixDepFlags Completed in 8ms
302 timing idealTree Completed in 8687ms
303 timing reify:loadTrees Completed in 8692ms
304 timing reify:diffTrees Completed in 14ms
305 silly reify moves {}
306 timing reify:retireShallow Completed in 7ms
307 timing reify:createSparse Completed in 61ms
308 timing reify:loadBundles Completed in 0ms
309 silly tarball no local data for media-typer@https://registry.npmjs.org/media-typer/-/media-typer-0.3.0.tgz. Extracting by manifest.
310 silly tarball no local data for has-property-descriptors@https://registry.npmjs.org/has-property-descriptors/-/has-property-descriptors-1.0.2.tgz. Extracting by manifest.
311 silly tarball no local data for gopd@https://registry.npmjs.org/gopd/-/gopd-1.0.1.tgz. Extracting by manifest.
312 silly tarball no local data for define-data-property@https://registry.npmjs.org/define-data-property/-/define-data-property-1.1.4.tgz. Extracting by manifest.
313 silly tarball no local data for hasown@https://registry.npmjs.org/hasown/-/hasown-2.0.2.tgz. Extracting by manifest.
314 silly tarball no local data for has-proto@https://registry.npmjs.org/has-proto/-/has-proto-1.0.3.tgz. Extracting by manifest.
315 silly tarball no local data for set-function-length@https://registry.npmjs.org/set-function-length/-/set-function-length-1.2.2.tgz. Extracting by manifest.
316 silly tarball no local data for function-bind@https://registry.npmjs.org/function-bind/-/function-bind-1.1.2.tgz. Extracting by manifest.
317 silly tarball no local data for has-symbols@https://registry.npmjs.org/has-symbols/-/has-symbols-1.0.3.tgz. Extracting by manifest.
318 silly tarball no local data for get-intrinsic@https://registry.npmjs.org/get-intrinsic/-/get-intrinsic-1.2.4.tgz. Extracting by manifest.
319 silly tarball no local data for object-inspect@https://registry.npmjs.org/object-inspect/-/object-inspect-1.13.1.tgz. Extracting by manifest.
320 silly tarball no local data for es-errors@https://registry.npmjs.org/es-errors/-/es-errors-1.3.0.tgz. Extracting by manifest.
321 silly tarball no local data for call-bind@https://registry.npmjs.org/call-bind/-/call-bind-1.0.7.tgz. Extracting by manifest.
322 silly tarball no local data for mime@https://registry.npmjs.org/mime/-/mime-1.6.0.tgz. Extracting by manifest.
323 silly tarball no local data for side-channel@https://registry.npmjs.org/side-channel/-/side-channel-1.0.6.tgz. Extracting by manifest.
324 silly tarball no local data for ipaddr.js@https://registry.npmjs.org/ipaddr.js/-/ipaddr.js-1.9.1.tgz. Extracting by manifest.
325 silly tarball no local data for forwarded@https://registry.npmjs.org/forwarded/-/forwarded-0.2.0.tgz. Extracting by manifest.
326 silly tarball no local data for ee-first@https://registry.npmjs.org/ee-first/-/ee-first-1.1.1.tgz. Extracting by manifest.
327 silly tarball no local data for mime-db@https://registry.npmjs.org/mime-db/-/mime-db-1.52.0.tgz. Extracting by manifest.
328 silly tarball no local data for safer-buffer@https://registry.npmjs.org/safer-buffer/-/safer-buffer-2.1.2.tgz. Extracting by manifest.
329 silly tarball no local data for toidentifier@https://registry.npmjs.org/toidentifier/-/toidentifier-1.0.1.tgz. Extracting by manifest.
330 silly tarball no local data for inherits@https://registry.npmjs.org/inherits/-/inherits-2.0.4.tgz. Extracting by manifest.
331 silly tarball no local data for unpipe@https://registry.npmjs.org/unpipe/-/unpipe-1.0.0.tgz. Extracting by manifest.
332 silly tarball no local data for ms@https://registry.npmjs.org/ms/-/ms-2.0.0.tgz. Extracting by manifest.
333 silly tarball no local data for raw-body@https://registry.npmjs.org/raw-body/-/raw-body-2.5.2.tgz. Extracting by manifest.
334 silly tarball no local data for iconv-lite@https://registry.npmjs.org/iconv-lite/-/iconv-lite-0.4.24.tgz. Extracting by manifest.
335 silly tarball no local data for destroy@https://registry.npmjs.org/destroy/-/destroy-1.2.0.tgz. Extracting by manifest.
336 silly tarball no local data for es-define-property@https://registry.npmjs.org/es-define-property/-/es-define-property-1.0.0.tgz. Extracting by manifest.
337 silly tarball no local data for bytes@https://registry.npmjs.org/bytes/-/bytes-3.1.2.tgz. Extracting by manifest.
338 silly tarball no local data for negotiator@https://registry.npmjs.org/negotiator/-/negotiator-0.6.3.tgz. Extracting by manifest.
339 silly tarball no local data for mime-types@https://registry.npmjs.org/mime-types/-/mime-types-2.1.35.tgz. Extracting by manifest.
340 silly tarball no local data for vary@https://registry.npmjs.org/vary/-/vary-1.1.2.tgz. Extracting by manifest.
341 silly tarball no local data for type-is@https://registry.npmjs.org/type-is/-/type-is-1.6.18.tgz. Extracting by manifest.
342 silly tarball no local data for utils-merge@https://registry.npmjs.org/utils-merge/-/utils-merge-1.0.1.tgz. Extracting by manifest.
343 silly tarball no local data for statuses@https://registry.npmjs.org/statuses/-/statuses-2.0.1.tgz. Extracting by manifest.
344 silly tarball no local data for setprototypeof@https://registry.npmjs.org/setprototypeof/-/setprototypeof-1.2.0.tgz. Extracting by manifest.
345 silly tarball no local data for serve-static@https://registry.npmjs.org/serve-static/-/serve-static-1.15.0.tgz. Extracting by manifest.
346 silly tarball no local data for send@https://registry.npmjs.org/send/-/send-0.18.0.tgz. Extracting by manifest.
347 silly tarball no local data for safe-buffer@https://registry.npmjs.org/safe-buffer/-/safe-buffer-5.2.1.tgz. Extracting by manifest.
348 silly tarball no local data for range-parser@https://registry.npmjs.org/range-parser/-/range-parser-1.2.1.tgz. Extracting by manifest.
349 silly tarball no local data for qs@https://registry.npmjs.org/qs/-/qs-6.11.0.tgz. Extracting by manifest.
350 silly tarball no local data for proxy-addr@https://registry.npmjs.org/proxy-addr/-/proxy-addr-2.0.7.tgz. Extracting by manifest.
351 silly tarball no local data for path-to-regexp@https://registry.npmjs.org/path-to-regexp/-/path-to-regexp-0.1.7.tgz. Extracting by manifest.
352 silly tarball no local data for parseurl@https://registry.npmjs.org/parseurl/-/parseurl-1.3.3.tgz. Extracting by manifest.
353 silly tarball no local data for on-finished@https://registry.npmjs.org/on-finished/-/on-finished-2.4.1.tgz. Extracting by manifest.
354 silly tarball no local data for methods@https://registry.npmjs.org/methods/-/methods-1.1.2.tgz. Extracting by manifest.
355 silly tarball no local data for merge-descriptors@https://registry.npmjs.org/merge-descriptors/-/merge-descriptors-1.0.1.tgz. Extracting by manifest.
356 silly tarball no local data for http-errors@https://registry.npmjs.org/http-errors/-/http-errors-2.0.0.tgz. Extracting by manifest.
357 silly tarball no local data for finalhandler@https://registry.npmjs.org/finalhandler/-/finalhandler-1.2.0.tgz. Extracting by manifest.
358 silly tarball no local data for etag@https://registry.npmjs.org/etag/-/etag-1.8.1.tgz. Extracting by manifest.
359 silly tarball no local data for escape-html@https://registry.npmjs.org/escape-html/-/escape-html-1.0.3.tgz. Extracting by manifest.
360 silly tarball no local data for fresh@https://registry.npmjs.org/fresh/-/fresh-0.5.2.tgz. Extracting by manifest.
361 silly tarball no local data for encodeurl@https://registry.npmjs.org/encodeurl/-/encodeurl-1.0.2.tgz. Extracting by manifest.
362 silly tarball no local data for depd@https://registry.npmjs.org/depd/-/depd-2.0.0.tgz. Extracting by manifest.
363 silly tarball no local data for debug@https://registry.npmjs.org/debug/-/debug-2.6.9.tgz. Extracting by manifest.
364 silly tarball no local data for cookie-signature@https://registry.npmjs.org/cookie-signature/-/cookie-signature-1.0.6.tgz. Extracting by manifest.
365 silly tarball no local data for cookie@https://registry.npmjs.org/cookie/-/cookie-0.5.0.tgz. Extracting by manifest.
366 silly tarball no local data for content-disposition@https://registry.npmjs.org/content-disposition/-/content-disposition-0.5.4.tgz. Extracting by manifest.
367 silly tarball no local data for body-parser@https://registry.npmjs.org/body-parser/-/body-parser-1.20.2.tgz. Extracting by manifest.
368 silly tarball no local data for content-type@https://registry.npmjs.org/content-type/-/content-type-1.0.5.tgz. Extracting by manifest.
369 silly tarball no local data for array-flatten@https://registry.npmjs.org/array-flatten/-/array-flatten-1.1.1.tgz. Extracting by manifest.
370 silly tarball no local data for accepts@https://registry.npmjs.org/accepts/-/accepts-1.3.8.tgz. Extracting by manifest.
371 silly tarball no local data for express@https://registry.npmjs.org/express/-/express-4.18.3.tgz. Extracting by manifest.
372 silly tarball no local data for ms@https://registry.npmjs.org/ms/-/ms-2.1.3.tgz. Extracting by manifest.
373 http fetch GET 200 https://registry.npmjs.org/gopd/-/gopd-1.0.1.tgz 2804ms (cache miss)
374 timing reifyNode:node_modules/gopd Completed in 2972ms
375 http fetch GET 200 https://registry.npmjs.org/media-typer/-/media-typer-0.3.0.tgz 2877ms (cache miss)
376 timing reifyNode:node_modules/media-typer Completed in 3040ms
377 http fetch GET 200 https://registry.npmjs.org/has-property-descriptors/-/has-property-descriptors-1.0.2.tgz 2929ms (cache miss)
378 timing reifyNode:node_modules/has-property-descriptors Completed in 3095ms
379 http fetch GET 200 https://registry.npmjs.org/hasown/-/hasown-2.0.2.tgz 2924ms (cache miss)
380 timing reifyNode:node_modules/hasown Completed in 3094ms
381 http fetch GET 200 https://registry.npmjs.org/has-proto/-/has-proto-1.0.3.tgz 2961ms (cache miss)
382 timing reifyNode:node_modules/has-proto Completed in 3133ms
383 http fetch GET 200 https://registry.npmjs.org/array-flatten/-/array-flatten-1.1.1.tgz 2842ms (cache miss)
384 timing reifyNode:node_modules/array-flatten Completed in 3144ms
385 http fetch GET 200 https://registry.npmjs.org/ee-first/-/ee-first-1.1.1.tgz 2962ms (cache miss)
386 timing reifyNode:node_modules/ee-first Completed in 3165ms
387 http fetch GET 200 https://registry.npmjs.org/on-finished/-/on-finished-2.4.1.tgz 2890ms (cache miss)
388 timing reifyNode:node_modules/on-finished Completed in 3159ms
389 http fetch GET 200 https://registry.npmjs.org/cookie-signature/-/cookie-signature-1.0.6.tgz 2867ms (cache miss)
390 timing reifyNode:node_modules/cookie-signature Completed in 3161ms
391 http fetch GET 200 https://registry.npmjs.org/utils-merge/-/utils-merge-1.0.1.tgz 2938ms (cache miss)
392 timing reifyNode:node_modules/utils-merge Completed in 3185ms
393 http fetch GET 200 https://registry.npmjs.org/forwarded/-/forwarded-0.2.0.tgz 2999ms (cache miss)
394 timing reifyNode:node_modules/forwarded Completed in 3199ms
395 http fetch GET 200 https://registry.npmjs.org/ms/-/ms-2.1.3.tgz 2880ms (cache miss)
396 timing reifyNode:node_modules/send/node_modules/ms Completed in 3196ms
397 http fetch GET 200 https://registry.npmjs.org/escape-html/-/escape-html-1.0.3.tgz 2915ms (cache miss)
398 timing reifyNode:node_modules/escape-html Completed in 3196ms
399 http fetch GET 200 https://registry.npmjs.org/parseurl/-/parseurl-1.3.3.tgz 2934ms (cache miss)
400 timing reifyNode:node_modules/parseurl Completed in 3199ms
401 http fetch GET 200 https://registry.npmjs.org/etag/-/etag-1.8.1.tgz 2920ms (cache miss)
402 timing reifyNode:node_modules/etag Completed in 3198ms
403 http fetch GET 200 https://registry.npmjs.org/fresh/-/fresh-0.5.2.tgz 2917ms (cache miss)
404 timing reifyNode:node_modules/fresh Completed in 3200ms
405 http fetch GET 200 https://registry.npmjs.org/methods/-/methods-1.1.2.tgz 2935ms (cache miss)
406 timing reifyNode:node_modules/methods Completed in 3205ms
407 http fetch GET 200 https://registry.npmjs.org/negotiator/-/negotiator-0.6.3.tgz 2977ms (cache miss)
408 http fetch GET 200 https://registry.npmjs.org/inherits/-/inherits-2.0.4.tgz 3002ms (cache miss)
409 timing reifyNode:node_modules/inherits Completed in 3217ms
410 http fetch GET 200 https://registry.npmjs.org/setprototypeof/-/setprototypeof-1.2.0.tgz 2965ms (cache miss)
411 timing reifyNode:node_modules/setprototypeof Completed in 3215ms
412 http fetch GET 200 https://registry.npmjs.org/ms/-/ms-2.0.0.tgz 3015ms (cache miss)
413 timing reifyNode:node_modules/ms Completed in 3235ms
414 http fetch GET 200 https://registry.npmjs.org/unpipe/-/unpipe-1.0.0.tgz 3023ms (cache miss)
415 timing reifyNode:node_modules/unpipe Completed in 3240ms
416 http fetch GET 200 https://registry.npmjs.org/toidentifier/-/toidentifier-1.0.1.tgz 3036ms (cache miss)
417 timing reifyNode:node_modules/toidentifier Completed in 3244ms
418 http fetch GET 200 https://registry.npmjs.org/encodeurl/-/encodeurl-1.0.2.tgz 2952ms (cache miss)
419 timing reifyNode:node_modules/encodeurl Completed in 3237ms
420 timing reifyNode:node_modules/negotiator Completed in 3245ms
421 http fetch GET 200 https://registry.npmjs.org/range-parser/-/range-parser-1.2.1.tgz 2986ms (cache miss)
422 timing reifyNode:node_modules/range-parser Completed in 3243ms
423 http fetch GET 200 https://registry.npmjs.org/merge-descriptors/-/merge-descriptors-1.0.1.tgz 2977ms (cache miss)
424 timing reifyNode:node_modules/merge-descriptors Completed in 3250ms
425 http fetch GET 200 https://registry.npmjs.org/http-errors/-/http-errors-2.0.0.tgz 2977ms (cache miss)
426 timing reifyNode:node_modules/http-errors Completed in 3251ms
427 http fetch GET 200 https://registry.npmjs.org/destroy/-/destroy-1.2.0.tgz 3034ms (cache miss)
428 timing reifyNode:node_modules/destroy Completed in 3262ms
429 http fetch GET 200 https://registry.npmjs.org/type-is/-/type-is-1.6.18.tgz 3020ms (cache miss)
430 timing reifyNode:node_modules/type-is Completed in 3261ms
431 http fetch GET 200 https://registry.npmjs.org/mime-types/-/mime-types-2.1.35.tgz 3026ms (cache miss)
432 timing reifyNode:node_modules/mime-types Completed in 3263ms
433 http fetch GET 200 https://registry.npmjs.org/set-function-length/-/set-function-length-1.2.2.tgz 3101ms (cache miss)
434 timing reifyNode:node_modules/set-function-length Completed in 3276ms
435 http fetch GET 200 https://registry.npmjs.org/es-errors/-/es-errors-1.3.0.tgz 3089ms (cache miss)
436 http fetch GET 200 https://registry.npmjs.org/finalhandler/-/finalhandler-1.2.0.tgz 2993ms (cache miss)
437 timing reifyNode:node_modules/finalhandler Completed in 3271ms
438 http fetch GET 200 https://registry.npmjs.org/content-type/-/content-type-1.0.5.tgz 2971ms (cache miss)
439 timing reifyNode:node_modules/content-type Completed in 3272ms
440 http fetch GET 200 https://registry.npmjs.org/content-disposition/-/content-disposition-0.5.4.tgz 2978ms (cache miss)
441 timing reifyNode:node_modules/content-disposition Completed in 3274ms
442 http fetch GET 200 https://registry.npmjs.org/es-define-property/-/es-define-property-1.0.0.tgz 3054ms (cache miss)
443 http fetch GET 200 https://registry.npmjs.org/bytes/-/bytes-3.1.2.tgz 3053ms (cache miss)
444 timing reifyNode:node_modules/bytes Completed in 3286ms
445 http fetch GET 200 https://registry.npmjs.org/vary/-/vary-1.1.2.tgz 3046ms (cache miss)
446 timing reifyNode:node_modules/vary Completed in 3286ms
447 http fetch GET 200 https://registry.npmjs.org/path-to-regexp/-/path-to-regexp-0.1.7.tgz 3025ms (cache miss)
448 timing reifyNode:node_modules/path-to-regexp Completed in 3290ms
449 http fetch GET 200 https://registry.npmjs.org/define-data-property/-/define-data-property-1.1.4.tgz 3137ms (cache miss)
450 timing reifyNode:node_modules/define-data-property Completed in 3305ms
451 http fetch GET 200 https://registry.npmjs.org/get-intrinsic/-/get-intrinsic-1.2.4.tgz 3120ms (cache miss)
452 timing reifyNode:node_modules/get-intrinsic Completed in 3303ms
453 http fetch GET 200 https://registry.npmjs.org/call-bind/-/call-bind-1.0.7.tgz 3115ms (cache miss)
454 timing reifyNode:node_modules/call-bind Completed in 3306ms
455 http fetch GET 200 https://registry.npmjs.org/accepts/-/accepts-1.3.8.tgz 2995ms (cache miss)
456 timing reifyNode:node_modules/accepts Completed in 3299ms
457 timing reifyNode:node_modules/es-define-property Completed in 3319ms
458 http fetch GET 200 https://registry.npmjs.org/statuses/-/statuses-2.0.1.tgz 3066ms (cache miss)
459 timing reifyNode:node_modules/statuses Completed in 3313ms
460 http fetch GET 200 https://registry.npmjs.org/proxy-addr/-/proxy-addr-2.0.7.tgz 3061ms (cache miss)
461 timing reifyNode:node_modules/proxy-addr Completed in 3324ms
462 timing reifyNode:node_modules/es-errors Completed in 3335ms
463 http fetch GET 200 https://registry.npmjs.org/depd/-/depd-2.0.0.tgz 3043ms (cache miss)
464 timing reifyNode:node_modules/depd Completed in 3332ms
465 http fetch GET 200 https://registry.npmjs.org/serve-static/-/serve-static-1.15.0.tgz 3093ms (cache miss)
466 timing reifyNode:node_modules/serve-static Completed in 3345ms
467 http fetch GET 200 https://registry.npmjs.org/raw-body/-/raw-body-2.5.2.tgz 3137ms (cache miss)
468 timing reifyNode:node_modules/raw-body Completed in 3360ms
469 http fetch GET 200 https://registry.npmjs.org/has-symbols/-/has-symbols-1.0.3.tgz 3188ms (cache miss)
470 timing reifyNode:node_modules/has-symbols Completed in 3370ms
471 http fetch GET 200 https://registry.npmjs.org/safe-buffer/-/safe-buffer-5.2.1.tgz 3109ms (cache miss)
472 timing reifyNode:node_modules/safe-buffer Completed in 3366ms
473 http fetch GET 200 https://registry.npmjs.org/cookie/-/cookie-0.5.0.tgz 3077ms (cache miss)
474 timing reifyNode:node_modules/cookie Completed in 3370ms
475 http fetch GET 200 https://registry.npmjs.org/safer-buffer/-/safer-buffer-2.1.2.tgz 3178ms (cache miss)
476 timing reifyNode:node_modules/safer-buffer Completed in 3386ms
477 http fetch GET 200 https://registry.npmjs.org/function-bind/-/function-bind-1.1.2.tgz 3221ms (cache miss)
478 timing reifyNode:node_modules/function-bind Completed in 3396ms
479 http fetch GET 200 https://registry.npmjs.org/side-channel/-/side-channel-1.0.6.tgz 3212ms (cache miss)
480 timing reifyNode:node_modules/side-channel Completed in 3408ms
481 http fetch GET 200 https://registry.npmjs.org/send/-/send-0.18.0.tgz 3160ms (cache miss)
482 timing reifyNode:node_modules/send Completed in 3413ms
483 http fetch GET 200 https://registry.npmjs.org/ipaddr.js/-/ipaddr.js-1.9.1.tgz 3242ms (cache miss)
484 timing reifyNode:node_modules/ipaddr.js Completed in 3441ms
485 http fetch GET 200 https://registry.npmjs.org/mime/-/mime-1.6.0.tgz 3264ms (cache miss)
486 timing reifyNode:node_modules/mime Completed in 3457ms
487 http fetch GET 200 https://registry.npmjs.org/mime-db/-/mime-db-1.52.0.tgz 3253ms (cache miss)
488 timing reifyNode:node_modules/mime-db Completed in 3458ms
489 http fetch GET 200 https://registry.npmjs.org/body-parser/-/body-parser-1.20.2.tgz 3150ms (cache miss)
490 timing reifyNode:node_modules/body-parser Completed in 3449ms
491 http fetch GET 200 https://registry.npmjs.org/debug/-/debug-2.6.9.tgz 3166ms (cache miss)
492 timing reifyNode:node_modules/debug Completed in 3456ms
493 http fetch GET 200 https://registry.npmjs.org/object-inspect/-/object-inspect-1.13.1.tgz 3342ms (cache miss)
494 timing reifyNode:node_modules/object-inspect Completed in 3529ms
495 http fetch GET 200 https://registry.npmjs.org/express/-/express-4.18.3.tgz 3217ms (cache miss)
496 timing reifyNode:node_modules/express Completed in 3524ms
497 http fetch GET 200 https://registry.npmjs.org/qs/-/qs-6.11.0.tgz 3274ms (cache miss)
498 timing reifyNode:node_modules/qs Completed in 3533ms
499 http fetch GET 200 https://registry.npmjs.org/iconv-lite/-/iconv-lite-0.4.24.tgz 3357ms (cache miss)
500 timing reifyNode:node_modules/iconv-lite Completed in 3583ms
501 timing reify:unpack Completed in 3597ms
502 timing reify:unretire Completed in 1ms
503 timing build:queue Completed in 20ms
504 timing build:link:node_modules/mime Completed in 15ms
505 timing build:link Completed in 16ms
506 timing build:deps Completed in 39ms
507 timing build Completed in 41ms
508 timing reify:build Completed in 43ms
509 timing reify:trash Completed in 0ms
510 timing reify:save Completed in 157ms
511 timing reify Completed in 12716ms
512 silly ADD node_modules/media-typer
513 silly ADD node_modules/has-property-descriptors
514 silly ADD node_modules/gopd
515 silly ADD node_modules/define-data-property
516 silly ADD node_modules/hasown
517 silly ADD node_modules/has-symbols
518 silly ADD node_modules/has-proto
519 silly ADD node_modules/set-function-length
520 silly ADD node_modules/function-bind
521 silly ADD node_modules/es-define-property
522 silly ADD node_modules/object-inspect
523 silly ADD node_modules/get-intrinsic
524 silly ADD node_modules/es-errors
525 silly ADD node_modules/call-bind
526 silly ADD node_modules/mime
527 silly ADD node_modules/side-channel
528 silly ADD node_modules/ipaddr.js
529 silly ADD node_modules/forwarded
530 silly ADD node_modules/ee-first
531 silly ADD node_modules/mime-db
532 silly ADD node_modules/safer-buffer
533 silly ADD node_modules/toidentifier
534 silly ADD node_modules/inherits
535 silly ADD node_modules/ms
536 silly ADD node_modules/unpipe
537 silly ADD node_modules/raw-body
538 silly ADD node_modules/iconv-lite
539 silly ADD node_modules/destroy
540 silly ADD node_modules/bytes
541 silly ADD node_modules/negotiator
542 silly ADD node_modules/mime-types
543 silly ADD node_modules/vary
544 silly ADD node_modules/utils-merge
545 silly ADD node_modules/type-is
546 silly ADD node_modules/statuses
547 silly ADD node_modules/setprototypeof
548 silly ADD node_modules/serve-static
549 silly ADD node_modules/send
550 silly ADD node_modules/send/node_modules/ms
551 silly ADD node_modules/safe-buffer
552 silly ADD node_modules/range-parser
553 silly ADD node_modules/qs
554 silly ADD node_modules/proxy-addr
555 silly ADD node_modules/path-to-regexp
556 silly ADD node_modules/parseurl
557 silly ADD node_modules/on-finished
558 silly ADD node_modules/methods
559 silly ADD node_modules/merge-descriptors
560 silly ADD node_modules/http-errors
561 silly ADD node_modules/fresh
562 silly ADD node_modules/finalhandler
563 silly ADD node_modules/etag
564 silly ADD node_modules/escape-html
565 silly ADD node_modules/encodeurl
566 silly ADD node_modules/depd
567 silly ADD node_modules/debug
568 silly ADD node_modules/cookie-signature
569 silly ADD node_modules/cookie
570 silly ADD node_modules/content-type
571 silly ADD node_modules/content-disposition
572 silly ADD node_modules/body-parser
573 silly ADD node_modules/array-flatten
574 silly ADD node_modules/accepts
575 silly ADD node_modules/express
576 timing command:install Completed in 12789ms
577 verbose exit 0
578 timing npm Completed in 14885ms
579 info ok
