0 verbose cli /data/data/com.termux/files/usr/bin/node /data/data/com.termux/files/usr/bin/npm
1 info using npm@10.2.4
2 info using node@v21.6.2
3 timing npm:load:whichnode Completed in 6ms
4 timing config:load:defaults Completed in 13ms
5 timing config:load:file:/data/data/com.termux/files/usr/lib/node_modules/npm/npmrc Completed in 15ms
6 timing config:load:builtin Completed in 16ms
7 timing config:load:cli Completed in 18ms
8 timing config:load:env Completed in 3ms
9 timing config:load:project Completed in 13ms
10 timing config:load:file:/data/data/com.termux/files/home/.npmrc Completed in 13ms
11 timing config:load:user Completed in 14ms
12 timing config:load:file:/data/data/com.termux/files/usr/etc/npmrc Completed in 1ms
13 timing config:load:global Completed in 2ms
14 timing config:load:setEnvs Completed in 6ms
15 timing config:load Completed in 90ms
16 timing npm:load:configload Completed in 90ms
17 timing config:load:flatten Completed in 14ms
18 timing npm:load:mkdirpcache Completed in 3ms
19 timing npm:load:mkdirplogs Completed in 3ms
20 verbose title npm init
21 verbose argv "init" "--yes"
22 timing npm:load:setTitle Completed in 4ms
23 timing npm:load:display Completed in 4ms
24 verbose logfile logs-max:10 dir:/data/data/com.termux/files/home/.npm/_logs/2024-03-14T06_06_47_154Z-
25 verbose logfile /data/data/com.termux/files/home/.npm/_logs/2024-03-14T06_06_47_154Z-debug-0.log
26 timing npm:load:logFile Completed in 59ms
27 timing npm:load:timers Completed in 0ms
28 timing npm:load:configScope Completed in 0ms
29 timing npm:load Completed in 290ms
30 silly logfile done cleaning log files
31 silly package data {
31 silly package data   name: 'weather-api',
31 silly package data   version: '1.0.0',
31 silly package data   description: '',
31 silly package data   main: 'index.js',
31 silly package data   scripts: { test: 'echo "Error: no test specified" && exit 1' },
31 silly package data   keywords: [],
31 silly package data   author: '',
31 silly package data   license: 'ISC'
31 silly package data }
32 timing command:init Completed in 152ms
33 verbose exit 0
34 timing npm Completed in 1759ms
35 info ok
