0 verbose cli /data/data/com.termux/files/usr/bin/node /data/data/com.termux/files/usr/bin/npm
1 info using npm@10.2.4
2 info using node@v21.6.2
3 timing npm:load:whichnode Completed in 7ms
4 timing config:load:defaults Completed in 10ms
5 timing config:load:file:/data/data/com.termux/files/usr/lib/node_modules/npm/npmrc Completed in 3ms
6 timing config:load:builtin Completed in 4ms
7 timing config:load:cli Completed in 27ms
8 timing config:load:env Completed in 2ms
9 timing config:load:project Completed in 6ms
10 timing config:load:file:/data/data/com.termux/files/home/.npmrc Completed in 9ms
11 timing config:load:user Completed in 10ms
12 timing config:load:file:/data/data/com.termux/files/usr/etc/npmrc Completed in 1ms
13 timing config:load:global Completed in 1ms
14 timing config:load:setEnvs Completed in 6ms
15 timing config:load Completed in 69ms
16 timing npm:load:configload Completed in 69ms
17 timing config:load:flatten Completed in 13ms
18 timing npm:load:mkdirpcache Completed in 3ms
19 timing npm:load:mkdirplogs Completed in 2ms
20 verbose title npm install http-server
21 verbose argv "install" "--global" "http-server"
22 timing npm:load:setTitle Completed in 3ms
23 timing npm:load:display Completed in 3ms
24 verbose logfile logs-max:10 dir:/data/data/com.termux/files/home/.npm/_logs/2024-03-14T05_57_09_714Z-
25 verbose logfile /data/data/com.termux/files/home/.npm/_logs/2024-03-14T05_57_09_714Z-debug-0.log
26 timing npm:load:logFile Completed in 70ms
27 timing npm:load:timers Completed in 0ms
28 timing npm:load:configScope Completed in 0ms
29 timing npm:load Completed in 256ms
30 timing config:load:flatten Completed in 3ms
31 timing arborist:ctor Completed in 6ms
32 silly logfile done cleaning log files
33 timing idealTree:init Completed in 57ms
34 timing idealTree:userRequests Completed in 21ms
35 silly idealTree buildDeps
36 silly fetch manifest http-server@*
37 http fetch GET 200 https://registry.npmjs.org/http-server 589ms (cache miss)
38 silly placeDep ROOT http-server@14.1.1 OK for:  want: *
39 silly fetch manifest basic-auth@^2.0.1
40 silly fetch manifest chalk@^4.1.2
41 silly fetch manifest corser@^2.0.1
42 silly fetch manifest he@^1.2.0
43 silly fetch manifest html-encoding-sniffer@^3.0.0
44 silly fetch manifest http-proxy@^1.18.1
45 silly fetch manifest mime@^1.6.0
46 silly fetch manifest minimist@^1.2.6
47 silly fetch manifest opener@^1.5.1
48 silly fetch manifest portfinder@^1.0.28
49 silly fetch manifest secure-compare@3.0.1
50 silly fetch manifest union@~0.5.0
51 silly fetch manifest url-join@^4.0.1
52 http fetch GET 200 https://registry.npmjs.org/basic-auth 581ms (cache miss)
53 http fetch GET 200 https://registry.npmjs.org/chalk 733ms (cache revalidated)
54 http fetch GET 200 https://registry.npmjs.org/corser 755ms (cache miss)
55 http fetch GET 200 https://registry.npmjs.org/secure-compare 752ms (cache miss)
56 http fetch GET 200 https://registry.npmjs.org/html-encoding-sniffer 783ms (cache miss)
57 http fetch GET 200 https://registry.npmjs.org/minimist 778ms (cache revalidated)
58 http fetch GET 200 https://registry.npmjs.org/opener 777ms (cache miss)
59 http fetch GET 200 https://registry.npmjs.org/url-join 773ms (cache miss)
60 http fetch GET 200 https://registry.npmjs.org/he 812ms (cache miss)
61 http fetch GET 200 https://registry.npmjs.org/portfinder 800ms (cache miss)
62 http fetch GET 200 https://registry.npmjs.org/union 803ms (cache miss)
63 http fetch GET 200 https://registry.npmjs.org/mime 911ms (cache revalidated)
64 http fetch GET 200 https://registry.npmjs.org/http-proxy 935ms (cache miss)
65 timing idealTree:#root Completed in 1625ms
66 silly placeDep node_modules/http-server basic-auth@2.0.1 OK for: http-server@14.1.1 want: ^2.0.1
67 silly fetch manifest safe-buffer@5.1.2
68 silly placeDep node_modules/http-server chalk@4.1.2 OK for: http-server@14.1.1 want: ^4.1.2
69 silly fetch manifest ansi-styles@^4.1.0
70 silly fetch manifest supports-color@^7.1.0
71 silly placeDep node_modules/http-server corser@2.0.1 OK for: http-server@14.1.1 want: ^2.0.1
72 silly placeDep node_modules/http-server he@1.2.0 OK for: http-server@14.1.1 want: ^1.2.0
73 silly placeDep node_modules/http-server html-encoding-sniffer@3.0.0 OK for: http-server@14.1.1 want: ^3.0.0
74 silly fetch manifest whatwg-encoding@^2.0.0
75 silly placeDep node_modules/http-server http-proxy@1.18.1 OK for: http-server@14.1.1 want: ^1.18.1
76 silly fetch manifest eventemitter3@^4.0.0
77 silly fetch manifest requires-port@^1.0.0
78 silly fetch manifest follow-redirects@^1.0.0
79 silly placeDep node_modules/http-server mime@1.6.0 OK for: http-server@14.1.1 want: ^1.6.0
80 silly placeDep node_modules/http-server minimist@1.2.8 OK for: http-server@14.1.1 want: ^1.2.6
81 silly placeDep node_modules/http-server opener@1.5.2 OK for: http-server@14.1.1 want: ^1.5.1
82 silly placeDep node_modules/http-server portfinder@1.0.32 OK for: http-server@14.1.1 want: ^1.0.28
83 silly fetch manifest async@^2.6.4
84 silly fetch manifest debug@^3.2.7
85 silly fetch manifest mkdirp@^0.5.6
86 silly placeDep node_modules/http-server secure-compare@3.0.1 OK for: http-server@14.1.1 want: 3.0.1
87 silly placeDep node_modules/http-server union@0.5.0 OK for: http-server@14.1.1 want: ~0.5.0
88 silly fetch manifest qs@^6.4.0
89 silly placeDep node_modules/http-server url-join@4.0.1 OK for: http-server@14.1.1 want: ^4.0.1
90 http fetch GET 200 https://registry.npmjs.org/requires-port 269ms (cache miss)
91 http fetch GET 200 https://registry.npmjs.org/whatwg-encoding 292ms (cache miss)
92 http fetch GET 200 https://registry.npmjs.org/ansi-styles 340ms (cache miss)
93 http fetch GET 200 https://registry.npmjs.org/safe-buffer 356ms (cache revalidated)
94 http fetch GET 200 https://registry.npmjs.org/eventemitter3 315ms (cache miss)
95 http fetch GET 200 https://registry.npmjs.org/debug 298ms (cache revalidated)
96 http fetch GET 200 https://registry.npmjs.org/qs 302ms (cache revalidated)
97 http fetch GET 200 https://registry.npmjs.org/supports-color 391ms (cache miss)
98 http fetch GET 200 https://registry.npmjs.org/async 338ms (cache miss)
99 http fetch GET 200 https://registry.npmjs.org/mkdirp 350ms (cache revalidated)
100 http fetch GET 200 https://registry.npmjs.org/follow-redirects 385ms (cache miss)
101 timing idealTree:node_modules/http-server Completed in 497ms
102 silly placeDep node_modules/http-server safe-buffer@5.1.2 OK for: basic-auth@2.0.1 want: 5.1.2
103 timing idealTree:node_modules/http-server/node_modules/basic-auth Completed in 7ms
104 silly placeDep node_modules/http-server ansi-styles@4.3.0 OK for: chalk@4.1.2 want: ^4.1.0
105 silly fetch manifest color-convert@^2.0.1
106 silly placeDep node_modules/http-server supports-color@7.2.0 OK for: chalk@4.1.2 want: ^7.1.0
107 silly fetch manifest has-flag@^4.0.0
108 http fetch GET 200 https://registry.npmjs.org/has-flag 91ms (cache miss)
109 http fetch GET 200 https://registry.npmjs.org/color-convert 106ms (cache miss)
110 timing idealTree:node_modules/http-server/node_modules/chalk Completed in 123ms
111 silly placeDep node_modules/http-server color-convert@2.0.1 OK for: ansi-styles@4.3.0 want: ^2.0.1
112 silly fetch manifest color-name@~1.1.4
113 http fetch GET 200 https://registry.npmjs.org/color-name 741ms (cache miss)
114 timing idealTree:node_modules/http-server/node_modules/ansi-styles Completed in 756ms
115 silly placeDep node_modules/http-server color-name@1.1.4 OK for: color-convert@2.0.1 want: ~1.1.4
116 timing idealTree:node_modules/http-server/node_modules/color-convert Completed in 13ms
117 timing idealTree:node_modules/http-server/node_modules/color-name Completed in 0ms
118 timing idealTree:node_modules/http-server/node_modules/corser Completed in 0ms
119 timing idealTree:node_modules/http-server/node_modules/he Completed in 0ms
120 silly placeDep node_modules/http-server whatwg-encoding@2.0.0 OK for: html-encoding-sniffer@3.0.0 want: ^2.0.0
121 silly fetch manifest iconv-lite@0.6.3
122 http fetch GET 200 https://registry.npmjs.org/iconv-lite 185ms (cache revalidated)
123 timing idealTree:node_modules/http-server/node_modules/html-encoding-sniffer Completed in 205ms
124 silly placeDep node_modules/http-server eventemitter3@4.0.7 OK for: http-proxy@1.18.1 want: ^4.0.0
125 silly placeDep node_modules/http-server follow-redirects@1.15.5 OK for: http-proxy@1.18.1 want: ^1.0.0
126 silly placeDep node_modules/http-server requires-port@1.0.0 OK for: http-proxy@1.18.1 want: ^1.0.0
127 timing idealTree:node_modules/http-server/node_modules/http-proxy Completed in 33ms
128 timing idealTree:node_modules/http-server/node_modules/eventemitter3 Completed in 0ms
129 timing idealTree:node_modules/http-server/node_modules/follow-redirects Completed in 0ms
130 timing idealTree:node_modules/http-server/node_modules/mime Completed in 0ms
131 timing idealTree:node_modules/http-server/node_modules/minimist Completed in 0ms
132 timing idealTree:node_modules/http-server/node_modules/opener Completed in 0ms
133 silly placeDep node_modules/http-server async@2.6.4 OK for: portfinder@1.0.32 want: ^2.6.4
134 silly fetch manifest lodash@^4.17.14
135 silly placeDep node_modules/http-server debug@3.2.7 OK for: portfinder@1.0.32 want: ^3.2.7
136 silly fetch manifest ms@^2.1.1
137 silly placeDep node_modules/http-server mkdirp@0.5.6 OK for: portfinder@1.0.32 want: ^0.5.6
138 http fetch GET 200 https://registry.npmjs.org/ms 207ms (cache revalidated)
139 http fetch GET 200 https://registry.npmjs.org/lodash 237ms (cache miss)
140 timing idealTree:node_modules/http-server/node_modules/portfinder Completed in 263ms
141 silly placeDep node_modules/http-server lodash@4.17.21 OK for: async@2.6.4 want: ^4.17.14
142 timing idealTree:node_modules/http-server/node_modules/async Completed in 7ms
143 silly placeDep node_modules/http-server ms@2.1.3 OK for: debug@3.2.7 want: ^2.1.1
144 timing idealTree:node_modules/http-server/node_modules/debug Completed in 6ms
145 timing idealTree:node_modules/http-server/node_modules/lodash Completed in 0ms
146 timing idealTree:node_modules/http-server/node_modules/mkdirp Completed in 0ms
147 timing idealTree:node_modules/http-server/node_modules/ms Completed in 1ms
148 timing idealTree:node_modules/http-server/node_modules/requires-port Completed in 0ms
149 timing idealTree:node_modules/http-server/node_modules/safe-buffer Completed in 0ms
150 timing idealTree:node_modules/http-server/node_modules/secure-compare Completed in 0ms
151 silly placeDep node_modules/http-server has-flag@4.0.0 OK for: supports-color@7.2.0 want: ^4.0.0
152 timing idealTree:node_modules/http-server/node_modules/supports-color Completed in 7ms
153 timing idealTree:node_modules/http-server/node_modules/has-flag Completed in 0ms
154 silly placeDep node_modules/http-server qs@6.12.0 OK for: union@0.5.0 want: ^6.4.0
155 silly fetch manifest side-channel@^1.0.6
156 http fetch GET 200 https://registry.npmjs.org/side-channel 198ms (cache revalidated)
157 timing idealTree:node_modules/http-server/node_modules/union Completed in 211ms
158 silly placeDep node_modules/http-server side-channel@1.0.6 OK for: qs@6.12.0 want: ^1.0.6
159 silly fetch manifest call-bind@^1.0.7
160 silly fetch manifest es-errors@^1.3.0
161 silly fetch manifest get-intrinsic@^1.2.4
162 silly fetch manifest object-inspect@^1.13.1
163 http fetch GET 200 https://registry.npmjs.org/get-intrinsic 246ms (cache revalidated)
164 http fetch GET 200 https://registry.npmjs.org/call-bind 257ms (cache revalidated)
165 http fetch GET 200 https://registry.npmjs.org/es-errors 259ms (cache revalidated)
166 http fetch GET 200 https://registry.npmjs.org/object-inspect 256ms (cache revalidated)
167 timing idealTree:node_modules/http-server/node_modules/qs Completed in 284ms
168 silly placeDep node_modules/http-server call-bind@1.0.7 OK for: side-channel@1.0.6 want: ^1.0.7
169 silly fetch manifest es-define-property@^1.0.0
170 silly fetch manifest function-bind@^1.1.2
171 silly fetch manifest set-function-length@^1.2.1
172 silly placeDep node_modules/http-server es-errors@1.3.0 OK for: side-channel@1.0.6 want: ^1.3.0
173 silly placeDep node_modules/http-server get-intrinsic@1.2.4 OK for: side-channel@1.0.6 want: ^1.2.4
174 silly fetch manifest has-proto@^1.0.1
175 silly fetch manifest has-symbols@^1.0.3
176 silly fetch manifest hasown@^2.0.0
177 silly placeDep node_modules/http-server object-inspect@1.13.1 OK for: side-channel@1.0.6 want: ^1.13.1
178 http fetch GET 200 https://registry.npmjs.org/es-define-property 259ms (cache revalidated)
179 http fetch GET 200 https://registry.npmjs.org/set-function-length 257ms (cache revalidated)
180 http fetch GET 200 https://registry.npmjs.org/function-bind 265ms (cache revalidated)
181 http fetch GET 200 https://registry.npmjs.org/has-proto 251ms (cache revalidated)
182 http fetch GET 200 https://registry.npmjs.org/has-symbols 254ms (cache revalidated)
183 http fetch GET 200 https://registry.npmjs.org/hasown 1013ms (cache revalidated)
184 timing idealTree:node_modules/http-server/node_modules/side-channel Completed in 1059ms
185 silly placeDep node_modules/http-server es-define-property@1.0.0 OK for: call-bind@1.0.7 want: ^1.0.0
186 silly placeDep node_modules/http-server function-bind@1.1.2 OK for: call-bind@1.0.7 want: ^1.1.2
187 silly placeDep node_modules/http-server set-function-length@1.2.2 OK for: call-bind@1.0.7 want: ^1.2.1
188 silly fetch manifest define-data-property@^1.1.4
189 silly fetch manifest gopd@^1.0.1
190 silly fetch manifest has-property-descriptors@^1.0.2
191 http fetch GET 200 https://registry.npmjs.org/define-data-property 102ms (cache revalidated)
192 http fetch GET 200 https://registry.npmjs.org/has-property-descriptors 102ms (cache revalidated)
193 http fetch GET 200 https://registry.npmjs.org/gopd 108ms (cache revalidated)
194 timing idealTree:node_modules/http-server/node_modules/call-bind Completed in 165ms
195 timing idealTree:node_modules/http-server/node_modules/es-define-property Completed in 0ms
196 timing idealTree:node_modules/http-server/node_modules/es-errors Completed in 0ms
197 timing idealTree:node_modules/http-server/node_modules/function-bind Completed in 0ms
198 silly placeDep node_modules/http-server has-proto@1.0.3 OK for: get-intrinsic@1.2.4 want: ^1.0.1
199 silly placeDep node_modules/http-server has-symbols@1.0.3 OK for: get-intrinsic@1.2.4 want: ^1.0.3
200 silly placeDep node_modules/http-server hasown@2.0.2 OK for: get-intrinsic@1.2.4 want: ^2.0.0
201 timing idealTree:node_modules/http-server/node_modules/get-intrinsic Completed in 24ms
202 timing idealTree:node_modules/http-server/node_modules/has-proto Completed in 0ms
203 timing idealTree:node_modules/http-server/node_modules/has-symbols Completed in 0ms
204 timing idealTree:node_modules/http-server/node_modules/hasown Completed in 0ms
205 timing idealTree:node_modules/http-server/node_modules/object-inspect Completed in 0ms
206 silly placeDep node_modules/http-server define-data-property@1.1.4 OK for: set-function-length@1.2.2 want: ^1.1.4
207 silly placeDep node_modules/http-server gopd@1.0.1 OK for: set-function-length@1.2.2 want: ^1.0.1
208 silly placeDep node_modules/http-server has-property-descriptors@1.0.2 OK for: set-function-length@1.2.2 want: ^1.0.2
209 timing idealTree:node_modules/http-server/node_modules/set-function-length Completed in 25ms
210 timing idealTree:node_modules/http-server/node_modules/define-data-property Completed in 0ms
211 timing idealTree:node_modules/http-server/node_modules/gopd Completed in 0ms
212 timing idealTree:node_modules/http-server/node_modules/has-property-descriptors Completed in 0ms
213 timing idealTree:node_modules/http-server/node_modules/url-join Completed in 0ms
214 silly placeDep node_modules/http-server iconv-lite@0.6.3 OK for: whatwg-encoding@2.0.0 want: 0.6.3
215 silly fetch manifest safer-buffer@>= 2.1.2 < 3.0.0
216 http fetch GET 200 https://registry.npmjs.org/safer-buffer 97ms (cache revalidated)
217 timing idealTree:node_modules/http-server/node_modules/whatwg-encoding Completed in 110ms
218 silly placeDep node_modules/http-server safer-buffer@2.1.2 OK for: iconv-lite@0.6.3 want: >= 2.1.2 < 3.0.0
219 timing idealTree:node_modules/http-server/node_modules/iconv-lite Completed in 19ms
220 timing idealTree:node_modules/http-server/node_modules/safer-buffer Completed in 0ms
221 timing idealTree:buildDeps Completed in 5471ms
222 timing idealTree:fixDepFlags Completed in 10ms
223 timing idealTree Completed in 5575ms
224 timing reify:loadTrees Completed in 5595ms
225 timing reify:diffTrees Completed in 18ms
226 silly reify moves {}
227 timing reify:retireShallow Completed in 7ms
228 timing reify:createSparse Completed in 104ms
229 timing reify:loadBundles Completed in 0ms
230 silly tarball no local data for http-server@https://registry.npmjs.org/http-server/-/http-server-14.1.1.tgz. Extracting by manifest.
231 silly tarball no local data for qs@https://registry.npmjs.org/qs/-/qs-6.12.0.tgz. Extracting by manifest.
232 silly tarball no local data for debug@https://registry.npmjs.org/debug/-/debug-3.2.7.tgz. Extracting by manifest.
233 silly tarball no local data for async@https://registry.npmjs.org/async/-/async-2.6.4.tgz. Extracting by manifest.
234 silly tarball no local data for eventemitter3@https://registry.npmjs.org/eventemitter3/-/eventemitter3-4.0.7.tgz. Extracting by manifest.
235 silly tarball no local data for url-join@https://registry.npmjs.org/url-join/-/url-join-4.0.1.tgz. Extracting by manifest.
236 silly tarball no local data for union@https://registry.npmjs.org/union/-/union-0.5.0.tgz. Extracting by manifest.
237 silly tarball no local data for secure-compare@https://registry.npmjs.org/secure-compare/-/secure-compare-3.0.1.tgz. Extracting by manifest.
238 silly tarball no local data for portfinder@https://registry.npmjs.org/portfinder/-/portfinder-1.0.32.tgz. Extracting by manifest.
239 silly tarball no local data for opener@https://registry.npmjs.org/opener/-/opener-1.5.2.tgz. Extracting by manifest.
240 silly tarball no local data for http-proxy@https://registry.npmjs.org/http-proxy/-/http-proxy-1.18.1.tgz. Extracting by manifest.
241 silly tarball no local data for corser@https://registry.npmjs.org/corser/-/corser-2.0.1.tgz. Extracting by manifest.
242 silly tarball no local data for he@https://registry.npmjs.org/he/-/he-1.2.0.tgz. Extracting by manifest.
243 silly tarball no local data for basic-auth@https://registry.npmjs.org/basic-auth/-/basic-auth-2.0.1.tgz. Extracting by manifest.
244 timing reifyNode:node_modules/http-server/node_modules/ms Completed in 1047ms
245 timing reifyNode:node_modules/http-server/node_modules/color-name Completed in 1047ms
246 timing reifyNode:node_modules/http-server/node_modules/has-flag Completed in 1076ms
247 timing reifyNode:node_modules/http-server/node_modules/supports-color Completed in 1077ms
248 timing reifyNode:node_modules/http-server/node_modules/html-encoding-sniffer Completed in 1074ms
249 timing reifyNode:node_modules/http-server/node_modules/ansi-styles Completed in 1099ms
250 timing reifyNode:node_modules/http-server/node_modules/mkdirp Completed in 1129ms
251 timing reifyNode:node_modules/http-server/node_modules/requires-port Completed in 1129ms
252 timing reifyNode:node_modules/http-server/node_modules/safe-buffer Completed in 1128ms
253 timing reifyNode:node_modules/http-server/node_modules/whatwg-encoding Completed in 1146ms
254 timing reifyNode:node_modules/http-server/node_modules/color-convert Completed in 1159ms
255 timing reifyNode:node_modules/http-server/node_modules/safer-buffer Completed in 1177ms
256 timing reifyNode:node_modules/http-server/node_modules/follow-redirects Completed in 1179ms
257 timing reifyNode:node_modules/http-server/node_modules/gopd Completed in 1205ms
258 timing reifyNode:node_modules/http-server/node_modules/hasown Completed in 1203ms
259 http fetch GET 200 https://registry.npmjs.org/secure-compare/-/secure-compare-3.0.1.tgz 1034ms (cache miss)
260 timing reifyNode:node_modules/http-server/node_modules/secure-compare Completed in 1199ms
261 timing reifyNode:node_modules/http-server/node_modules/chalk Completed in 1204ms
262 http fetch GET 200 https://registry.npmjs.org/portfinder/-/portfinder-1.0.32.tgz 1042ms (cache miss)
263 timing reifyNode:node_modules/http-server/node_modules/portfinder Completed in 1213ms
264 timing reifyNode:node_modules/http-server/node_modules/has-property-descriptors Completed in 1237ms
265 timing reifyNode:node_modules/http-server/node_modules/es-define-property Completed in 1231ms
266 http fetch GET 200 https://registry.npmjs.org/opener/-/opener-1.5.2.tgz 1057ms (cache miss)
267 timing reifyNode:node_modules/http-server/node_modules/opener Completed in 1230ms
268 timing reifyNode:node_modules/http-server/node_modules/has-proto Completed in 1244ms
269 timing reifyNode:node_modules/http-server/node_modules/call-bind Completed in 1244ms
270 timing reifyNode:node_modules/http-server/node_modules/set-function-length Completed in 1257ms
271 timing reifyNode:node_modules/http-server/node_modules/get-intrinsic Completed in 1258ms
272 timing reifyNode:node_modules/http-server/node_modules/mime Completed in 1251ms
273 http fetch GET 200 https://registry.npmjs.org/eventemitter3/-/eventemitter3-4.0.7.tgz 1107ms (cache miss)
274 timing reifyNode:node_modules/http-server/node_modules/eventemitter3 Completed in 1266ms
275 http fetch GET 200 https://registry.npmjs.org/url-join/-/url-join-4.0.1.tgz 1107ms (cache miss)
276 timing reifyNode:node_modules/http-server/node_modules/url-join Completed in 1266ms
277 timing reifyNode:node_modules/http-server/node_modules/define-data-property Completed in 1286ms
278 timing reifyNode:node_modules/http-server/node_modules/side-channel Completed in 1283ms
279 timing reifyNode:node_modules/http-server/node_modules/function-bind Completed in 1292ms
280 timing reifyNode:node_modules/http-server/node_modules/has-symbols Completed in 1309ms
281 http fetch GET 200 https://registry.npmjs.org/corser/-/corser-2.0.1.tgz 1139ms (cache miss)
282 timing reifyNode:node_modules/http-server/node_modules/corser Completed in 1315ms
283 timing reifyNode:node_modules/http-server/node_modules/es-errors Completed in 1353ms
284 timing reifyNode:node_modules/http-server/node_modules/minimist Completed in 1398ms
285 http fetch GET 200 https://registry.npmjs.org/debug/-/debug-3.2.7.tgz 1254ms (cache miss)
286 timing reifyNode:node_modules/http-server/node_modules/debug Completed in 1408ms
287 http fetch GET 200 https://registry.npmjs.org/he/-/he-1.2.0.tgz 1314ms (cache miss)
288 timing reifyNode:node_modules/http-server/node_modules/he Completed in 1494ms
289 timing reifyNode:node_modules/http-server/node_modules/object-inspect Completed in 1513ms
290 http fetch GET 200 https://registry.npmjs.org/http-proxy/-/http-proxy-1.18.1.tgz 1409ms (cache miss)
291 timing reifyNode:node_modules/http-server/node_modules/http-proxy Completed in 1584ms
292 http fetch GET 200 https://registry.npmjs.org/http-server/-/http-server-14.1.1.tgz 1468ms (cache miss)
293 timing reifyNode:node_modules/http-server Completed in 1609ms
294 http fetch GET 200 https://registry.npmjs.org/qs/-/qs-6.12.0.tgz 1452ms (cache miss)
295 timing reifyNode:node_modules/http-server/node_modules/qs Completed in 1595ms
296 http fetch GET 200 https://registry.npmjs.org/union/-/union-0.5.0.tgz 1449ms (cache miss)
297 timing reifyNode:node_modules/http-server/node_modules/iconv-lite Completed in 1630ms
298 timing reifyNode:node_modules/http-server/node_modules/union Completed in 1615ms
299 http fetch GET 200 https://registry.npmjs.org/async/-/async-2.6.4.tgz 1644ms (cache miss)
300 timing reifyNode:node_modules/http-server/node_modules/async Completed in 1799ms
301 http fetch GET 200 https://registry.npmjs.org/basic-auth/-/basic-auth-2.0.1.tgz 1621ms (cache miss)
302 timing reifyNode:node_modules/http-server/node_modules/basic-auth Completed in 1810ms
303 timing reifyNode:node_modules/http-server/node_modules/lodash Completed in 2326ms
304 timing reify:unpack Completed in 2345ms
305 timing reify:unretire Completed in 1ms
306 timing build:queue Completed in 17ms
307 timing build:link:node_modules/http-server/node_modules/he Completed in 19ms
308 timing build:link:node_modules/http-server/node_modules/mime Completed in 19ms
309 timing build:link:node_modules/http-server/node_modules/mkdirp Completed in 19ms
310 timing build:link:node_modules/http-server/node_modules/opener Completed in 20ms
311 timing build:link:node_modules/http-server Completed in 61ms
312 timing build:link Completed in 63ms
313 timing build:deps Completed in 81ms
314 timing build Completed in 83ms
315 timing reify:build Completed in 86ms
316 timing reify:trash Completed in 0ms
317 timing reify Completed in 8233ms
318 silly ADD node_modules/http-server
319 silly ADD node_modules/http-server/node_modules/safer-buffer
320 silly ADD node_modules/http-server/node_modules/iconv-lite
321 silly ADD node_modules/http-server/node_modules/has-property-descriptors
322 silly ADD node_modules/http-server/node_modules/gopd
323 silly ADD node_modules/http-server/node_modules/define-data-property
324 silly ADD node_modules/http-server/node_modules/hasown
325 silly ADD node_modules/http-server/node_modules/has-symbols
326 silly ADD node_modules/http-server/node_modules/has-proto
327 silly ADD node_modules/http-server/node_modules/set-function-length
328 silly ADD node_modules/http-server/node_modules/function-bind
329 silly ADD node_modules/http-server/node_modules/es-define-property
330 silly ADD node_modules/http-server/node_modules/object-inspect
331 silly ADD node_modules/http-server/node_modules/get-intrinsic
332 silly ADD node_modules/http-server/node_modules/es-errors
333 silly ADD node_modules/http-server/node_modules/call-bind
334 silly ADD node_modules/http-server/node_modules/side-channel
335 silly ADD node_modules/http-server/node_modules/qs
336 silly ADD node_modules/http-server/node_modules/has-flag
337 silly ADD node_modules/http-server/node_modules/ms
338 silly ADD node_modules/http-server/node_modules/lodash
339 silly ADD node_modules/http-server/node_modules/mkdirp
340 silly ADD node_modules/http-server/node_modules/debug
341 silly ADD node_modules/http-server/node_modules/async
342 silly ADD node_modules/http-server/node_modules/requires-port
343 silly ADD node_modules/http-server/node_modules/follow-redirects
344 silly ADD node_modules/http-server/node_modules/eventemitter3
345 silly ADD node_modules/http-server/node_modules/whatwg-encoding
346 silly ADD node_modules/http-server/node_modules/color-name
347 silly ADD node_modules/http-server/node_modules/color-convert
348 silly ADD node_modules/http-server/node_modules/supports-color
349 silly ADD node_modules/http-server/node_modules/ansi-styles
350 silly ADD node_modules/http-server/node_modules/safe-buffer
351 silly ADD node_modules/http-server/node_modules/url-join
352 silly ADD node_modules/http-server/node_modules/union
353 silly ADD node_modules/http-server/node_modules/secure-compare
354 silly ADD node_modules/http-server/node_modules/portfinder
355 silly ADD node_modules/http-server/node_modules/opener
356 silly ADD node_modules/http-server/node_modules/minimist
357 silly ADD node_modules/http-server/node_modules/mime
358 silly ADD node_modules/http-server/node_modules/http-proxy
359 silly ADD node_modules/http-server/node_modules/html-encoding-sniffer
360 silly ADD node_modules/http-server/node_modules/he
361 silly ADD node_modules/http-server/node_modules/corser
362 silly ADD node_modules/http-server/node_modules/chalk
363 silly ADD node_modules/http-server/node_modules/basic-auth
364 timing command:install Completed in 8287ms
365 verbose exit 0
366 timing npm Completed in 9829ms
367 info ok
