0 verbose cli /data/data/com.termux/files/usr/bin/node /data/data/com.termux/files/usr/bin/npm
1 info using npm@10.2.4
2 info using node@v21.6.2
3 timing npm:load:whichnode Completed in 7ms
4 timing config:load:defaults Completed in 14ms
5 timing config:load:file:/data/data/com.termux/files/usr/lib/node_modules/npm/npmrc Completed in 4ms
6 timing config:load:builtin Completed in 5ms
7 timing config:load:cli Completed in 18ms
8 timing config:load:env Completed in 3ms
9 timing config:load:project Completed in 18ms
10 timing config:load:file:/data/data/com.termux/files/home/.npmrc Completed in 8ms
11 timing config:load:user Completed in 8ms
12 timing config:load:file:/data/data/com.termux/files/usr/etc/npmrc Completed in 1ms
13 timing config:load:global Completed in 2ms
14 timing config:load:setEnvs Completed in 5ms
15 timing config:load Completed in 80ms
16 timing npm:load:configload Completed in 81ms
17 timing config:load:flatten Completed in 16ms
18 timing npm:load:mkdirpcache Completed in 3ms
19 timing npm:load:mkdirplogs Completed in 1ms
20 verbose title npm install nodejs
21 verbose argv "install" "nodejs"
22 timing npm:load:setTitle Completed in 4ms
23 timing npm:load:display Completed in 4ms
24 verbose logfile logs-max:10 dir:/data/data/com.termux/files/home/.npm/_logs/2024-03-14T01_42_59_637Z-
25 verbose logfile /data/data/com.termux/files/home/.npm/_logs/2024-03-14T01_42_59_637Z-debug-0.log
26 timing npm:load:logFile Completed in 60ms
27 timing npm:load:timers Completed in 0ms
28 timing npm:load:configScope Completed in 1ms
29 timing npm:load Completed in 269ms
30 timing arborist:ctor Completed in 5ms
31 silly logfile done cleaning log files
32 timing idealTree:init Completed in 329ms
33 timing idealTree:userRequests Completed in 7ms
34 silly idealTree buildDeps
35 silly fetch manifest nodejs@*
36 timing arborist:ctor Completed in 2ms
37 http fetch GET 200 https://registry.npmjs.org/nodejs 1641ms (cache miss)
38 silly placeDep ROOT nodejs@0.0.0 OK for:  want: *
39 timing idealTree:#root Completed in 1697ms
40 timing idealTree:node_modules/nodejs Completed in 0ms
41 timing idealTree:buildDeps Completed in 1707ms
42 timing idealTree:fixDepFlags Completed in 10ms
43 timing idealTree Completed in 2069ms
44 timing reify:loadTrees Completed in 2076ms
45 timing reify:diffTrees Completed in 19ms
46 silly reify moves {}
47 timing reify:retireShallow Completed in 6ms
48 timing reify:createSparse Completed in 9ms
49 timing reify:loadBundles Completed in 0ms
50 silly audit bulk request {
50 silly audit   accepts: [ '1.3.8' ],
50 silly audit   'array-flatten': [ '1.1.1' ],
50 silly audit   'body-parser': [ '1.20.2' ],
50 silly audit   bytes: [ '3.1.2' ],
50 silly audit   'call-bind': [ '1.0.7' ],
50 silly audit   'content-disposition': [ '0.5.4' ],
50 silly audit   'content-type': [ '1.0.5' ],
50 silly audit   cookie: [ '0.5.0' ],
50 silly audit   'cookie-signature': [ '1.0.6' ],
50 silly audit   debug: [ '2.6.9' ],
50 silly audit   'define-data-property': [ '1.1.4' ],
50 silly audit   depd: [ '2.0.0' ],
50 silly audit   destroy: [ '1.2.0' ],
50 silly audit   'ee-first': [ '1.1.1' ],
50 silly audit   encodeurl: [ '1.0.2' ],
50 silly audit   'es-define-property': [ '1.0.0' ],
50 silly audit   'es-errors': [ '1.3.0' ],
50 silly audit   'escape-html': [ '1.0.3' ],
50 silly audit   etag: [ '1.8.1' ],
50 silly audit   express: [ '4.18.3' ],
50 silly audit   finalhandler: [ '1.2.0' ],
50 silly audit   forwarded: [ '0.2.0' ],
50 silly audit   fresh: [ '0.5.2' ],
50 silly audit   'function-bind': [ '1.1.2' ],
50 silly audit   'get-intrinsic': [ '1.2.4' ],
50 silly audit   gopd: [ '1.0.1' ],
50 silly audit   'has-property-descriptors': [ '1.0.2' ],
50 silly audit   'has-proto': [ '1.0.3' ],
50 silly audit   'has-symbols': [ '1.0.3' ],
50 silly audit   hasown: [ '2.0.2' ],
50 silly audit   'http-errors': [ '2.0.0' ],
50 silly audit   'iconv-lite': [ '0.4.24' ],
50 silly audit   inherits: [ '2.0.4' ],
50 silly audit   'ipaddr.js': [ '1.9.1' ],
50 silly audit   'media-typer': [ '0.3.0' ],
50 silly audit   'merge-descriptors': [ '1.0.1' ],
50 silly audit   methods: [ '1.1.2' ],
50 silly audit   mime: [ '1.6.0' ],
50 silly audit   'mime-db': [ '1.52.0' ],
50 silly audit   'mime-types': [ '2.1.35' ],
50 silly audit   ms: [ '2.0.0', '2.1.3' ],
50 silly audit   negotiator: [ '0.6.3' ],
50 silly audit   'object-inspect': [ '1.13.1' ],
50 silly audit   'on-finished': [ '2.4.1' ],
50 silly audit   parseurl: [ '1.3.3' ],
50 silly audit   'path-to-regexp': [ '0.1.7' ],
50 silly audit   'proxy-addr': [ '2.0.7' ],
50 silly audit   qs: [ '6.11.0' ],
50 silly audit   'range-parser': [ '1.2.1' ],
50 silly audit   'raw-body': [ '2.5.2' ],
50 silly audit   'safe-buffer': [ '5.2.1' ],
50 silly audit   'safer-buffer': [ '2.1.2' ],
50 silly audit   send: [ '0.18.0' ],
50 silly audit   'serve-static': [ '1.15.0' ],
50 silly audit   'set-function-length': [ '1.2.2' ],
50 silly audit   setprototypeof: [ '1.2.0' ],
50 silly audit   'side-channel': [ '1.0.6' ],
50 silly audit   statuses: [ '2.0.1' ],
50 silly audit   toidentifier: [ '1.0.1' ],
50 silly audit   'type-is': [ '1.6.18' ],
50 silly audit   unpipe: [ '1.0.0' ],
50 silly audit   'utils-merge': [ '1.0.1' ],
50 silly audit   vary: [ '1.1.2' ],
50 silly audit   nodejs: [ '0.0.0' ]
50 silly audit }
51 silly tarball no local data for nodejs@https://registry.npmjs.org/nodejs/-/nodejs-0.0.0.tgz. Extracting by manifest.
52 http fetch POST 200 https://registry.npmjs.org/-/npm/v1/security/advisories/bulk 367ms
53 timing auditReport:getReport Completed in 393ms
54 silly audit report {}
55 timing auditReport:init Completed in 1ms
56 timing reify:audit Completed in 400ms
57 http fetch GET 200 https://registry.npmjs.org/nodejs/-/nodejs-0.0.0.tgz 310ms (cache miss)
58 timing reifyNode:node_modules/nodejs Completed in 482ms
59 timing reify:unpack Completed in 484ms
60 timing reify:unretire Completed in 1ms
61 timing build:queue Completed in 5ms
62 timing build:deps Completed in 7ms
63 timing build Completed in 8ms
64 timing reify:build Completed in 10ms
65 timing reify:trash Completed in 0ms
66 timing reify:save Completed in 210ms
67 timing reify Completed in 2989ms
68 silly ADD node_modules/nodejs
69 timing command:install Completed in 3034ms
70 verbose exit 0
71 timing npm Completed in 4238ms
72 info ok
